# JRE version: OpenJDK Runtime Environment (17.0.10) (build 17.0.10+0--11572160)
# Java VM: OpenJDK 64-Bit Server VM (17.0.10+0--11572160, mixed mode, tiered, compressed oops, compressed class ptrs, g1 gc, windows-amd64)
GC Precious Log:
 CPUs: 4 total, 4 available
 Memory: 3834M
 Large Page Support: Disabled
 NUMA Support: Disabled
 Compressed Oops: Enabled (Zero based)
 Heap Region Size: 2M
 Heap Min Capacity: 8M
 Heap Initial Capacity: 60M
 Heap Max Capacity: 4G
 Pre-touch: Disabled
 Parallel Workers: 4
 Concurrent Workers: 1
 Concurrent Refinement Workers: 4
 Periodic GC: Disabled
Heap:
 garbage-first heap   total 993280K, used 375542K [0x0000000700000000, 0x0000000800000000)
  region size 2048K, 26 young (53248K), 3 survivors (6144K)
 Metaspace       used 121307K, committed 123072K, reserved 1179648K
  class space    used 16402K, committed 17152K, reserved 1048576K
GC Heap History (20 events):
Event: 8466.160 GC heap before
{Heap before GC invocations=105 (full 0):
 garbage-first heap   total 858112K, used 304597K [0x0000000700000000, 0x0000000800000000)
  region size 2048K, 20 young (40960K), 3 survivors (6144K)
 Metaspace       used 120031K, committed 121600K, reserved 1179648K
  class space    used 16260K, committed 16960K, reserved 1048576K
}
Event: 8466.199 GC heap after
{Heap after GC invocations=106 (full 0):
 garbage-first heap   total 858112K, used 280569K [0x0000000700000000, 0x0000000800000000)
  region size 2048K, 3 young (6144K), 3 survivors (6144K)
 Metaspace       used 120031K, committed 121600K, reserved 1179648K
  class space    used 16260K, committed 16960K, reserved 1048576K
}
Event: 8467.834 GC heap before
{Heap before GC invocations=106 (full 0):
 garbage-first heap   total 858112K, used 313337K [0x0000000700000000, 0x0000000800000000)
  region size 2048K, 20 young (40960K), 3 survivors (6144K)
 Metaspace       used 120095K, committed 121664K, reserved 1179648K
  class space    used 16270K, committed 16960K, reserved 1048576K
}
Event: 8467.857 GC heap after
{Heap after GC invocations=107 (full 0):
 garbage-first heap   total 858112K, used 285785K [0x0000000700000000, 0x0000000800000000)
  region size 2048K, 3 young (6144K), 3 survivors (6144K)
 Metaspace       used 120095K, committed 121664K, reserved 1179648K
  class space    used 16270K, committed 16960K, reserved 1048576K
}
Event: 8501.773 GC heap before
{Heap before GC invocations=107 (full 0):
 garbage-first heap   total 858112K, used 334937K [0x0000000700000000, 0x0000000800000000)
  region size 2048K, 28 young (57344K), 3 survivors (6144K)
 Metaspace       used 120280K, committed 121920K, reserved 1179648K
  class space    used 16298K, committed 17024K, reserved 1048576K
}
Event: 8501.889 GC heap after
{Heap after GC invocations=108 (full 0):
 garbage-first heap   total 858112K, used 289623K [0x0000000700000000, 0x0000000800000000)
  region size 2048K, 4 young (8192K), 4 survivors (8192K)
 Metaspace       used 120280K, committed 121920K, reserved 1179648K
  class space    used 16298K, committed 17024K, reserved 1048576K
}
Event: 8503.026 GC heap before
{Heap before GC invocations=108 (full 0):
 garbage-first heap   total 858112K, used 340823K [0x0000000700000000, 0x0000000800000000)
  region size 2048K, 29 young (59392K), 4 survivors (8192K)
 Metaspace       used 120389K, committed 122048K, reserved 1179648K
  class space    used 16311K, committed 17024K, reserved 1048576K
}
Event: 8503.054 GC heap after
{Heap after GC invocations=109 (full 0):
 garbage-first heap   total 858112K, used 297593K [0x0000000700000000, 0x0000000800000000)
  region size 2048K, 4 young (8192K), 4 survivors (8192K)
 Metaspace       used 120389K, committed 122048K, reserved 1179648K
  class space    used 16311K, committed 17024K, reserved 1048576K
}
Event: 8510.149 GC heap before
{Heap before GC invocations=109 (full 0):
 garbage-first heap   total 858112K, used 481913K [0x0000000700000000, 0x0000000800000000)
  region size 2048K, 41 young (83968K), 4 survivors (8192K)
 Metaspace       used 120639K, committed 122368K, reserved 1179648K
  class space    used 16343K, committed 17088K, reserved 1048576K
}
Event: 8510.495 GC heap after
{Heap after GC invocations=110 (full 0):
 garbage-first heap   total 858112K, used 304233K [0x0000000700000000, 0x0000000800000000)
  region size 2048K, 4 young (8192K), 4 survivors (8192K)
 Metaspace       used 120639K, committed 122368K, reserved 1179648K
  class space    used 16343K, committed 17088K, reserved 1048576K
}
Event: 8548.328 GC heap before
{Heap before GC invocations=110 (full 0):
 garbage-first heap   total 858112K, used 646249K [0x0000000700000000, 0x0000000800000000)
  region size 2048K, 25 young (51200K), 4 survivors (8192K)
 Metaspace       used 120666K, committed 122368K, reserved 1179648K
  class space    used 16344K, committed 17088K, reserved 1048576K
}
Event: 8548.428 GC heap after
{Heap after GC invocations=111 (full 0):
 garbage-first heap   total 993280K, used 307552K [0x0000000700000000, 0x0000000800000000)
  region size 2048K, 2 young (4096K), 2 survivors (4096K)
 Metaspace       used 120666K, committed 122368K, reserved 1179648K
  class space    used 16344K, committed 17088K, reserved 1048576K
}
Event: 11005.990 GC heap before
{Heap before GC invocations=111 (full 0):
 garbage-first heap   total 993280K, used 385376K [0x0000000700000000, 0x0000000800000000)
  region size 2048K, 40 young (81920K), 2 survivors (4096K)
 Metaspace       used 120817K, committed 122496K, reserved 1179648K
  class space    used 16370K, committed 17088K, reserved 1048576K
}
Event: 11006.188 GC heap after
{Heap after GC invocations=112 (full 0):
 garbage-first heap   total 993280K, used 307552K [0x0000000700000000, 0x0000000800000000)
  region size 2048K, 2 young (4096K), 2 survivors (4096K)
 Metaspace       used 120817K, committed 122496K, reserved 1179648K
  class space    used 16370K, committed 17088K, reserved 1048576K
}
Event: 13579.089 GC heap before
{Heap before GC invocations=112 (full 0):
 garbage-first heap   total 993280K, used 397664K [0x0000000700000000, 0x0000000800000000)
  region size 2048K, 46 young (94208K), 2 survivors (4096K)
 Metaspace       used 120862K, committed 122560K, reserved 1179648K
  class space    used 16372K, committed 17152K, reserved 1048576K
}
Event: 13579.197 GC heap after
{Heap after GC invocations=113 (full 0):
 garbage-first heap   total 993280K, used 309184K [0x0000000700000000, 0x0000000800000000)
  region size 2048K, 3 young (6144K), 3 survivors (6144K)
 Metaspace       used 120862K, committed 122560K, reserved 1179648K
  class space    used 16372K, committed 17152K, reserved 1048576K
}
Event: 13591.981 GC heap before
{Heap before GC invocations=113 (full 0):
 garbage-first heap   total 993280K, used 417728K [0x0000000700000000, 0x0000000800000000)
  region size 2048K, 57 young (116736K), 3 survivors (6144K)
 Metaspace       used 120998K, committed 122752K, reserved 1179648K
  class space    used 16379K, committed 17152K, reserved 1048576K
}
Event: 13592.082 GC heap after
{Heap after GC invocations=114 (full 0):
 garbage-first heap   total 993280K, used 323134K [0x0000000700000000, 0x0000000800000000)
  region size 2048K, 8 young (16384K), 8 survivors (16384K)
 Metaspace       used 120998K, committed 122752K, reserved 1179648K
  class space    used 16379K, committed 17152K, reserved 1048576K
}
Event: 13593.018 GC heap before
{Heap before GC invocations=114 (full 0):
 garbage-first heap   total 993280K, used 355902K [0x0000000700000000, 0x0000000800000000)
  region size 2048K, 24 young (49152K), 8 survivors (16384K)
 Metaspace       used 121061K, committed 122816K, reserved 1179648K
  class space    used 16379K, committed 17152K, reserved 1048576K
}
Event: 13593.119 GC heap after
{Heap after GC invocations=115 (full 0):
 garbage-first heap   total 993280K, used 330486K [0x0000000700000000, 0x0000000800000000)
  region size 2048K, 3 young (6144K), 3 survivors (6144K)
 Metaspace       used 121061K, committed 122816K, reserved 1179648K
  class space    used 16379K, committed 17152K, reserved 1048576K
}

