# JRE version: OpenJDK Runtime Environment (17.0.10) (build 17.0.10+0--11572160)
# Java VM: OpenJDK 64-Bit Server VM (17.0.10+0--11572160, mixed mode, tiered, compressed oops, compressed class ptrs, g1 gc, windows-amd64)
GC Precious Log:
 CPUs: 4 total, 4 available
 Memory: 3834M
 Large Page Support: Disabled
 NUMA Support: Disabled
 Compressed Oops: Enabled (Zero based)
 Heap Region Size: 2M
 Heap Min Capacity: 8M
 Heap Initial Capacity: 60M
 Heap Max Capacity: 4G
 Pre-touch: Disabled
 Parallel Workers: 4
 Concurrent Workers: 1
 Concurrent Refinement Workers: 4
 Periodic GC: Disabled
Heap:
 garbage-first heap   total 598016K, used 199068K [0x0000000700000000, 0x0000000800000000)
  region size 2048K, 10 young (20480K), 10 survivors (20480K)
 Metaspace       used 171410K, committed 173568K, reserved 1245184K
  class space    used 22493K, committed 23360K, reserved 1048576K
GC Heap History (20 events):
Event: 385.746 GC heap after
{Heap after GC invocations=112 (full 0):
 garbage-first heap   total 2369536K, used 660196K [0x0000000700000000, 0x0000000800000000)
  region size 2048K, 5 young (10240K), 5 survivors (10240K)
 Metaspace       used 164271K, committed 165888K, reserved 1245184K
  class space    used 21575K, committed 22272K, reserved 1048576K
}
Event: 389.176 GC heap before
{Heap before GC invocations=112 (full 0):
 garbage-first heap   total 2369536K, used 674532K [0x0000000700000000, 0x0000000800000000)
  region size 2048K, 13 young (26624K), 5 survivors (10240K)
 Metaspace       used 164521K, committed 166144K, reserved 1245184K
  class space    used 21611K, committed 22272K, reserved 1048576K
}
Event: 389.222 GC heap after
{Heap after GC invocations=113 (full 0):
 garbage-first heap   total 2369536K, used 660254K [0x0000000700000000, 0x0000000800000000)
  region size 2048K, 5 young (10240K), 5 survivors (10240K)
 Metaspace       used 164521K, committed 166144K, reserved 1245184K
  class space    used 21611K, committed 22272K, reserved 1048576K
}
Event: 3992.926 GC heap before
{Heap before GC invocations=114 (full 0):
 garbage-first heap   total 2369536K, used 969502K [0x0000000700000000, 0x0000000800000000)
  region size 2048K, 76 young (155648K), 5 survivors (10240K)
 Metaspace       used 165544K, committed 167104K, reserved 1245184K
  class space    used 21746K, committed 22400K, reserved 1048576K
}
Event: 3999.644 GC heap after
{Heap after GC invocations=115 (full 1):
 garbage-first heap   total 485376K, used 140798K [0x0000000700000000, 0x0000000800000000)
  region size 2048K, 0 young (0K), 0 survivors (0K)
 Metaspace       used 165544K, committed 167104K, reserved 1245184K
  class space    used 21746K, committed 22400K, reserved 1048576K
}
Event: 4648.503 GC heap before
{Heap before GC invocations=115 (full 1):
 garbage-first heap   total 485376K, used 355838K [0x0000000700000000, 0x0000000800000000)
  region size 2048K, 107 young (219136K), 0 survivors (0K)
 Metaspace       used 171761K, committed 173568K, reserved 1245184K
  class space    used 22606K, committed 23360K, reserved 1048576K
}
Event: 4649.008 GC heap after
{Heap after GC invocations=116 (full 1):
 garbage-first heap   total 485376K, used 153921K [0x0000000700000000, 0x0000000800000000)
  region size 2048K, 7 young (14336K), 7 survivors (14336K)
 Metaspace       used 171761K, committed 173568K, reserved 1245184K
  class space    used 22606K, committed 23360K, reserved 1048576K
}
Event: 4666.516 GC heap before
{Heap before GC invocations=117 (full 1):
 garbage-first heap   total 485376K, used 457025K [0x0000000700000000, 0x0000000800000000)
  region size 2048K, 106 young (217088K), 7 survivors (14336K)
 Metaspace       used 171324K, committed 173568K, reserved 1245184K
  class space    used 22499K, committed 23360K, reserved 1048576K
}
Event: 4666.759 GC heap after
{Heap after GC invocations=118 (full 1):
 garbage-first heap   total 485376K, used 157751K [0x0000000700000000, 0x0000000800000000)
  region size 2048K, 8 young (16384K), 8 survivors (16384K)
 Metaspace       used 171324K, committed 173568K, reserved 1245184K
  class space    used 22499K, committed 23360K, reserved 1048576K
}
Event: 4666.798 GC heap before
{Heap before GC invocations=118 (full 1):
 garbage-first heap   total 485376K, used 163895K [0x0000000700000000, 0x0000000800000000)
  region size 2048K, 11 young (22528K), 8 survivors (16384K)
 Metaspace       used 171324K, committed 173568K, reserved 1245184K
  class space    used 22499K, committed 23360K, reserved 1048576K
}
Event: 4667.490 GC heap after
{Heap after GC invocations=119 (full 1):
 garbage-first heap   total 485376K, used 157416K [0x0000000700000000, 0x0000000800000000)
  region size 2048K, 2 young (4096K), 2 survivors (4096K)
 Metaspace       used 171324K, committed 173568K, reserved 1245184K
  class space    used 22499K, committed 23360K, reserved 1048576K
}
Event: 4668.012 GC heap before
{Heap before GC invocations=119 (full 1):
 garbage-first heap   total 485376K, used 171752K [0x0000000700000000, 0x0000000800000000)
  region size 2048K, 10 young (20480K), 2 survivors (4096K)
 Metaspace       used 171330K, committed 173568K, reserved 1245184K
  class space    used 22500K, committed 23360K, reserved 1048576K
}
Event: 4668.024 GC heap after
{Heap after GC invocations=120 (full 1):
 garbage-first heap   total 485376K, used 153333K [0x0000000700000000, 0x0000000800000000)
  region size 2048K, 1 young (2048K), 1 survivors (2048K)
 Metaspace       used 171330K, committed 173568K, reserved 1245184K
  class space    used 22500K, committed 23360K, reserved 1048576K
}
Event: 4682.277 GC heap before
{Heap before GC invocations=121 (full 1):
 garbage-first heap   total 485376K, used 419573K [0x0000000700000000, 0x0000000800000000)
  region size 2048K, 126 young (258048K), 1 survivors (2048K)
 Metaspace       used 171377K, committed 173568K, reserved 1245184K
  class space    used 22491K, committed 23360K, reserved 1048576K
}
Event: 4682.361 GC heap after
{Heap after GC invocations=122 (full 1):
 garbage-first heap   total 485376K, used 170343K [0x0000000700000000, 0x0000000800000000)
  region size 2048K, 8 young (16384K), 8 survivors (16384K)
 Metaspace       used 171377K, committed 173568K, reserved 1245184K
  class space    used 22491K, committed 23360K, reserved 1048576K
}
Event: 4682.418 GC heap before
{Heap before GC invocations=122 (full 1):
 garbage-first heap   total 485376K, used 176487K [0x0000000700000000, 0x0000000800000000)
  region size 2048K, 11 young (22528K), 8 survivors (16384K)
 Metaspace       used 171378K, committed 173568K, reserved 1245184K
  class space    used 22491K, committed 23360K, reserved 1048576K
}
Event: 4682.566 GC heap after
{Heap after GC invocations=123 (full 1):
 garbage-first heap   total 485376K, used 167982K [0x0000000700000000, 0x0000000800000000)
  region size 2048K, 1 young (2048K), 1 survivors (2048K)
 Metaspace       used 171378K, committed 173568K, reserved 1245184K
  class space    used 22491K, committed 23360K, reserved 1048576K
}
Event: 4685.035 GC heap before
{Heap before GC invocations=123 (full 1):
 garbage-first heap   total 485376K, used 303150K [0x0000000700000000, 0x0000000800000000)
  region size 2048K, 67 young (137216K), 1 survivors (2048K)
 Metaspace       used 171388K, committed 173568K, reserved 1245184K
  class space    used 22491K, committed 23360K, reserved 1048576K
}
Event: 4685.273 GC heap after
{Heap after GC invocations=124 (full 1):
 garbage-first heap   total 485376K, used 183036K [0x0000000700000000, 0x0000000800000000)
  region size 2048K, 9 young (18432K), 9 survivors (18432K)
 Metaspace       used 171388K, committed 173568K, reserved 1245184K
  class space    used 22491K, committed 23360K, reserved 1048576K
}
Event: 4688.205 GC heap before
{Heap before GC invocations=124 (full 1):
 garbage-first heap   total 598016K, used 381692K [0x0000000700000000, 0x0000000800000000)
  region size 2048K, 106 young (217088K), 9 survivors (18432K)
 Metaspace       used 171410K, committed 173568K, reserved 1245184K
  class space    used 22493K, committed 23360K, reserved 1048576K
}

