# JRE version: OpenJDK Runtime Environment (17.0.10) (build 17.0.10+0--11572160)
# Java VM: OpenJDK 64-Bit Server VM (17.0.10+0--11572160, mixed mode, tiered, compressed oops, compressed class ptrs, g1 gc, windows-amd64)
GC Precious Log:
 CPUs: 4 total, 4 available
 Memory: 3834M
 Large Page Support: Disabled
 NUMA Support: Disabled
 Compressed Oops: Enabled (Zero based)
 Heap Region Size: 2M
 Heap Min Capacity: 8M
 Heap Initial Capacity: 60M
 Heap Max Capacity: 4G
 Pre-touch: Disabled
 Parallel Workers: 4
 Concurrent Workers: 1
 Concurrent Refinement Workers: 4
 Periodic GC: Disabled
Heap:
 garbage-first heap   total 473088K, used 166835K [0x0000000700000000, 0x0000000800000000)
  region size 2048K, 4 young (8192K), 4 survivors (8192K)
 Metaspace       used 119735K, committed 120576K, reserved 1179648K
  class space    used 16495K, committed 16832K, reserved 1048576K
GC Heap History (20 events):
Event: 83.497 GC heap after
{Heap after GC invocations=58 (full 0):
 garbage-first heap   total 268288K, used 150587K [0x0000000700000000, 0x0000000800000000)
  region size 2048K, 2 young (4096K), 2 survivors (4096K)
 Metaspace       used 115201K, committed 116032K, reserved 1179648K
  class space    used 15818K, committed 16192K, reserved 1048576K
}
Event: 84.089 GC heap before
{Heap before GC invocations=58 (full 0):
 garbage-first heap   total 268288K, used 214075K [0x0000000700000000, 0x0000000800000000)
  region size 2048K, 33 young (67584K), 2 survivors (4096K)
 Metaspace       used 115983K, committed 116864K, reserved 1179648K
  class space    used 15952K, committed 16320K, reserved 1048576K
}
Event: 84.101 GC heap after
{Heap after GC invocations=59 (full 0):
 garbage-first heap   total 268288K, used 151448K [0x0000000700000000, 0x0000000800000000)
  region size 2048K, 3 young (6144K), 3 survivors (6144K)
 Metaspace       used 115983K, committed 116864K, reserved 1179648K
  class space    used 15952K, committed 16320K, reserved 1048576K
}
Event: 84.701 GC heap before
{Heap before GC invocations=59 (full 0):
 garbage-first heap   total 268288K, used 216984K [0x0000000700000000, 0x0000000800000000)
  region size 2048K, 35 young (71680K), 3 survivors (6144K)
 Metaspace       used 116684K, committed 117504K, reserved 1179648K
  class space    used 16068K, committed 16384K, reserved 1048576K
}
Event: 84.709 GC heap after
{Heap after GC invocations=60 (full 0):
 garbage-first heap   total 323584K, used 152861K [0x0000000700000000, 0x0000000800000000)
  region size 2048K, 4 young (8192K), 4 survivors (8192K)
 Metaspace       used 116684K, committed 117504K, reserved 1179648K
  class space    used 16068K, committed 16384K, reserved 1048576K
}
Event: 85.737 GC heap before
{Heap before GC invocations=60 (full 0):
 garbage-first heap   total 323584K, used 259357K [0x0000000700000000, 0x0000000800000000)
  region size 2048K, 56 young (114688K), 4 survivors (8192K)
 Metaspace       used 117714K, committed 118592K, reserved 1179648K
  class space    used 16223K, committed 16576K, reserved 1048576K
}
Event: 85.749 GC heap after
{Heap after GC invocations=61 (full 0):
 garbage-first heap   total 323584K, used 154274K [0x0000000700000000, 0x0000000800000000)
  region size 2048K, 4 young (8192K), 4 survivors (8192K)
 Metaspace       used 117714K, committed 118592K, reserved 1179648K
  class space    used 16223K, committed 16576K, reserved 1048576K
}
Event: 87.495 GC heap before
{Heap before GC invocations=61 (full 0):
 garbage-first heap   total 323584K, used 271010K [0x0000000700000000, 0x0000000800000000)
  region size 2048K, 61 young (124928K), 4 survivors (8192K)
 Metaspace       used 119534K, committed 120384K, reserved 1179648K
  class space    used 16480K, committed 16832K, reserved 1048576K
}
Event: 87.528 GC heap after
{Heap after GC invocations=62 (full 0):
 garbage-first heap   total 323584K, used 156710K [0x0000000700000000, 0x0000000800000000)
  region size 2048K, 5 young (10240K), 5 survivors (10240K)
 Metaspace       used 119534K, committed 120384K, reserved 1179648K
  class space    used 16480K, committed 16832K, reserved 1048576K
}
Event: 92.392 GC heap before
{Heap before GC invocations=62 (full 0):
 garbage-first heap   total 323584K, used 271398K [0x0000000700000000, 0x0000000800000000)
  region size 2048K, 62 young (126976K), 5 survivors (10240K)
 Metaspace       used 119709K, committed 120512K, reserved 1179648K
  class space    used 16494K, committed 16832K, reserved 1048576K
}
Event: 93.241 GC heap after
{Heap after GC invocations=63 (full 0):
 garbage-first heap   total 323584K, used 160100K [0x0000000700000000, 0x0000000800000000)
  region size 2048K, 6 young (12288K), 6 survivors (12288K)
 Metaspace       used 119709K, committed 120512K, reserved 1179648K
  class space    used 16494K, committed 16832K, reserved 1048576K
}
Event: 93.282 GC heap before
{Heap before GC invocations=63 (full 0):
 garbage-first heap   total 323584K, used 160100K [0x0000000700000000, 0x0000000800000000)
  region size 2048K, 7 young (14336K), 6 survivors (12288K)
 Metaspace       used 119710K, committed 120512K, reserved 1179648K
  class space    used 16494K, committed 16832K, reserved 1048576K
}
Event: 94.266 GC heap after
{Heap after GC invocations=64 (full 0):
 garbage-first heap   total 473088K, used 161559K [0x0000000700000000, 0x0000000800000000)
  region size 2048K, 1 young (2048K), 1 survivors (2048K)
 Metaspace       used 119710K, committed 120512K, reserved 1179648K
  class space    used 16494K, committed 16832K, reserved 1048576K
}
Event: 94.373 GC heap before
{Heap before GC invocations=64 (full 0):
 garbage-first heap   total 473088K, used 182039K [0x0000000700000000, 0x0000000800000000)
  region size 2048K, 11 young (22528K), 1 survivors (2048K)
 Metaspace       used 119711K, committed 120512K, reserved 1179648K
  class space    used 16494K, committed 16832K, reserved 1048576K
}
Event: 94.458 GC heap after
{Heap after GC invocations=65 (full 0):
 garbage-first heap   total 473088K, used 161139K [0x0000000700000000, 0x0000000800000000)
  region size 2048K, 1 young (2048K), 1 survivors (2048K)
 Metaspace       used 119711K, committed 120512K, reserved 1179648K
  class space    used 16494K, committed 16832K, reserved 1048576K
}
Event: 94.559 GC heap before
{Heap before GC invocations=65 (full 0):
 garbage-first heap   total 473088K, used 181619K [0x0000000700000000, 0x0000000800000000)
  region size 2048K, 11 young (22528K), 1 survivors (2048K)
 Metaspace       used 119712K, committed 120512K, reserved 1179648K
  class space    used 16494K, committed 16832K, reserved 1048576K
}
Event: 94.577 GC heap after
{Heap after GC invocations=66 (full 0):
 garbage-first heap   total 473088K, used 160998K [0x0000000700000000, 0x0000000800000000)
  region size 2048K, 1 young (2048K), 1 survivors (2048K)
 Metaspace       used 119712K, committed 120512K, reserved 1179648K
  class space    used 16494K, committed 16832K, reserved 1048576K
}
Event: 94.921 GC heap before
{Heap before GC invocations=66 (full 0):
 garbage-first heap   total 473088K, used 199910K [0x0000000700000000, 0x0000000800000000)
  region size 2048K, 20 young (40960K), 1 survivors (2048K)
 Metaspace       used 119720K, committed 120576K, reserved 1179648K
  class space    used 16494K, committed 16832K, reserved 1048576K
}
Event: 95.144 GC heap after
{Heap after GC invocations=67 (full 0):
 garbage-first heap   total 473088K, used 160983K [0x0000000700000000, 0x0000000800000000)
  region size 2048K, 1 young (2048K), 1 survivors (2048K)
 Metaspace       used 119720K, committed 120576K, reserved 1179648K
  class space    used 16494K, committed 16832K, reserved 1048576K
}
Event: 96.248 GC heap before
{Heap before GC invocations=67 (full 0):
 garbage-first heap   total 473088K, used 224471K [0x0000000700000000, 0x0000000800000000)
  region size 2048K, 33 young (67584K), 1 survivors (2048K)
 Metaspace       used 119735K, committed 120576K, reserved 1179648K
  class space    used 16495K, committed 16832K, reserved 1048576K
}

