# JRE version: OpenJDK Runtime Environment (17.0.10) (build 17.0.10+0--11572160)
# Java VM: OpenJDK 64-Bit Server VM (17.0.10+0--11572160, mixed mode, tiered, compressed oops, compressed class ptrs, g1 gc, windows-amd64)
GC Precious Log:
 CPUs: 4 total, 4 available
 Memory: 3834M
 Large Page Support: Disabled
 NUMA Support: Disabled
 Compressed Oops: Enabled (Zero based)
 Heap Region Size: 2M
 Heap Min Capacity: 8M
 Heap Initial Capacity: 60M
 Heap Max Capacity: 4G
 Pre-touch: Disabled
 Parallel Workers: 4
 Concurrent Workers: 1
 Concurrent Refinement Workers: 4
 Periodic GC: Disabled
Heap:
 garbage-first heap   total 946176K, used 211479K [0x0000000700000000, 0x0000000800000000)
  region size 2048K, 5 young (10240K), 5 survivors (10240K)
 Metaspace       used 121199K, committed 121984K, reserved 1179648K
  class space    used 16617K, committed 16960K, reserved 1048576K
GC Heap History (20 events):
Event: 96.038 GC heap after
{Heap after GC invocations=81 (full 0):
 garbage-first heap   total 473088K, used 167176K [0x0000000700000000, 0x0000000800000000)
  region size 2048K, 12 young (24576K), 12 survivors (24576K)
 Metaspace       used 117996K, committed 118848K, reserved 1179648K
  class space    used 16235K, committed 16576K, reserved 1048576K
}
Event: 98.916 GC heap before
{Heap before GC invocations=81 (full 0):
 garbage-first heap   total 473088K, used 396552K [0x0000000700000000, 0x0000000800000000)
  region size 2048K, 125 young (256000K), 12 survivors (24576K)
 Metaspace       used 118102K, committed 118912K, reserved 1179648K
  class space    used 16239K, committed 16640K, reserved 1048576K
}
Event: 98.980 GC heap after
{Heap after GC invocations=82 (full 0):
 garbage-first heap   total 473088K, used 173734K [0x0000000700000000, 0x0000000800000000)
  region size 2048K, 12 young (24576K), 12 survivors (24576K)
 Metaspace       used 118102K, committed 118912K, reserved 1179648K
  class space    used 16239K, committed 16640K, reserved 1048576K
}
Event: 100.552 GC heap before
{Heap before GC invocations=82 (full 0):
 garbage-first heap   total 473088K, used 388774K [0x0000000700000000, 0x0000000800000000)
  region size 2048K, 118 young (241664K), 12 survivors (24576K)
 Metaspace       used 118463K, committed 119296K, reserved 1179648K
  class space    used 16295K, committed 16640K, reserved 1048576K
}
Event: 100.636 GC heap after
{Heap after GC invocations=83 (full 0):
 garbage-first heap   total 946176K, used 193648K [0x0000000700000000, 0x0000000800000000)
  region size 2048K, 15 young (30720K), 15 survivors (30720K)
 Metaspace       used 118463K, committed 119296K, reserved 1179648K
  class space    used 16295K, committed 16640K, reserved 1048576K
}
Event: 113.403 GC heap before
{Heap before GC invocations=83 (full 0):
 garbage-first heap   total 946176K, used 728176K [0x0000000700000000, 0x0000000800000000)
  region size 2048K, 277 young (567296K), 15 survivors (30720K)
 Metaspace       used 119364K, committed 120256K, reserved 1179648K
  class space    used 16448K, committed 16832K, reserved 1048576K
}
Event: 114.716 GC heap after
{Heap after GC invocations=84 (full 0):
 garbage-first heap   total 946176K, used 215152K [0x0000000700000000, 0x0000000800000000)
  region size 2048K, 26 young (53248K), 26 survivors (53248K)
 Metaspace       used 119364K, committed 120256K, reserved 1179648K
  class space    used 16448K, committed 16832K, reserved 1048576K
}
Event: 114.734 GC heap before
{Heap before GC invocations=84 (full 0):
 garbage-first heap   total 946176K, used 217200K [0x0000000700000000, 0x0000000800000000)
  region size 2048K, 27 young (55296K), 26 survivors (53248K)
 Metaspace       used 119372K, committed 120256K, reserved 1179648K
  class space    used 16449K, committed 16832K, reserved 1048576K
}
Event: 115.022 GC heap after
{Heap after GC invocations=85 (full 0):
 garbage-first heap   total 946176K, used 216785K [0x0000000700000000, 0x0000000800000000)
  region size 2048K, 2 young (4096K), 2 survivors (4096K)
 Metaspace       used 119372K, committed 120256K, reserved 1179648K
  class space    used 16449K, committed 16832K, reserved 1048576K
}
Event: 116.762 GC heap before
{Heap before GC invocations=85 (full 0):
 garbage-first heap   total 946176K, used 390865K [0x0000000700000000, 0x0000000800000000)
  region size 2048K, 87 young (178176K), 2 survivors (4096K)
 Metaspace       used 120177K, committed 121024K, reserved 1179648K
  class space    used 16570K, committed 16960K, reserved 1048576K
}
Event: 116.774 GC heap after
{Heap after GC invocations=86 (full 0):
 garbage-first heap   total 946176K, used 214737K [0x0000000700000000, 0x0000000800000000)
  region size 2048K, 1 young (2048K), 1 survivors (2048K)
 Metaspace       used 120177K, committed 121024K, reserved 1179648K
  class space    used 16570K, committed 16960K, reserved 1048576K
}
Event: 119.011 GC heap before
{Heap before GC invocations=86 (full 0):
 garbage-first heap   total 946176K, used 595665K [0x0000000700000000, 0x0000000800000000)
  region size 2048K, 187 young (382976K), 1 survivors (2048K)
 Metaspace       used 120229K, committed 121088K, reserved 1179648K
  class space    used 16574K, committed 16960K, reserved 1048576K
}
Event: 119.023 GC heap after
{Heap after GC invocations=87 (full 0):
 garbage-first heap   total 946176K, used 217205K [0x0000000700000000, 0x0000000800000000)
  region size 2048K, 3 young (6144K), 3 survivors (6144K)
 Metaspace       used 120229K, committed 121088K, reserved 1179648K
  class space    used 16574K, committed 16960K, reserved 1048576K
}
Event: 120.562 GC heap before
{Heap before GC invocations=87 (full 0):
 garbage-first heap   total 946176K, used 661621K [0x0000000700000000, 0x0000000800000000)
  region size 2048K, 220 young (450560K), 3 survivors (6144K)
 Metaspace       used 120247K, committed 121088K, reserved 1179648K
  class space    used 16578K, committed 16960K, reserved 1048576K
}
Event: 120.626 GC heap after
{Heap after GC invocations=88 (full 0):
 garbage-first heap   total 946176K, used 219641K [0x0000000700000000, 0x0000000800000000)
  region size 2048K, 4 young (8192K), 4 survivors (8192K)
 Metaspace       used 120247K, committed 121088K, reserved 1179648K
  class space    used 16578K, committed 16960K, reserved 1048576K
}
Event: 123.851 GC heap before
{Heap before GC invocations=89 (full 0):
 garbage-first heap   total 946176K, used 696825K [0x0000000700000000, 0x0000000800000000)
  region size 2048K, 239 young (489472K), 4 survivors (8192K)
 Metaspace       used 120283K, committed 121152K, reserved 1179648K
  class space    used 16582K, committed 16960K, reserved 1048576K
}
Event: 123.874 GC heap after
{Heap after GC invocations=90 (full 0):
 garbage-first heap   total 946176K, used 218255K [0x0000000700000000, 0x0000000800000000)
  region size 2048K, 5 young (10240K), 5 survivors (10240K)
 Metaspace       used 120283K, committed 121152K, reserved 1179648K
  class space    used 16582K, committed 16960K, reserved 1048576K
}
Event: 124.234 GC heap before
{Heap before GC invocations=90 (full 0):
 garbage-first heap   total 946176K, used 255119K [0x0000000700000000, 0x0000000800000000)
  region size 2048K, 23 young (47104K), 5 survivors (10240K)
 Metaspace       used 120678K, committed 121472K, reserved 1179648K
  class space    used 16607K, committed 16960K, reserved 1048576K
}
Event: 124.285 GC heap after
{Heap after GC invocations=91 (full 0):
 garbage-first heap   total 946176K, used 207555K [0x0000000700000000, 0x0000000800000000)
  region size 2048K, 3 young (6144K), 3 survivors (6144K)
 Metaspace       used 120678K, committed 121472K, reserved 1179648K
  class space    used 16607K, committed 16960K, reserved 1048576K
}
Event: 128.200 GC heap before
{Heap before GC invocations=91 (full 0):
 garbage-first heap   total 946176K, used 774851K [0x0000000700000000, 0x0000000800000000)
  region size 2048K, 277 young (567296K), 3 survivors (6144K)
 Metaspace       used 121199K, committed 121984K, reserved 1179648K
  class space    used 16617K, committed 16960K, reserved 1048576K
}

