# JRE version: OpenJDK Runtime Environment (17.0.10) (build 17.0.10+0--11572160)
# Java VM: OpenJDK 64-Bit Server VM (17.0.10+0--11572160, mixed mode, tiered, compressed oops, compressed class ptrs, g1 gc, windows-amd64)
GC Precious Log:
 CPUs: 4 total, 4 available
 Memory: 3834M
 Large Page Support: Disabled
 NUMA Support: Disabled
 Compressed Oops: Enabled (Zero based)
 Heap Region Size: 2M
 Heap Min Capacity: 8M
 Heap Initial Capacity: 60M
 Heap Max Capacity: 4G
 Pre-touch: Disabled
 Parallel Workers: 4
 Concurrent Workers: 1
 Concurrent Refinement Workers: 4
 Periodic GC: Disabled
Heap:
 garbage-first heap   total 974848K, used 245373K [0x0000000700000000, 0x0000000800000000)
  region size 2048K, 10 young (20480K), 6 survivors (12288K)
 Metaspace       used 115683K, committed 117312K, reserved 1179648K
  class space    used 15681K, committed 16384K, reserved 1048576K
GC Heap History (20 events):
Event: 71.711 GC heap before
{Heap before GC invocations=73 (full 0):
 garbage-first heap   total 487424K, used 288240K [0x0000000700000000, 0x0000000800000000)
  region size 2048K, 27 young (55296K), 11 survivors (22528K)
 Metaspace       used 109868K, committed 111168K, reserved 1179648K
  class space    used 14995K, committed 15552K, reserved 1048576K
}
Event: 71.811 GC heap after
{Heap after GC invocations=74 (full 0):
 garbage-first heap   total 487424K, used 265086K [0x0000000700000000, 0x0000000800000000)
  region size 2048K, 3 young (6144K), 3 survivors (6144K)
 Metaspace       used 109868K, committed 111168K, reserved 1179648K
  class space    used 14995K, committed 15552K, reserved 1048576K
}
Event: 75.649 GC heap before
{Heap before GC invocations=74 (full 0):
 garbage-first heap   total 487424K, used 441214K [0x0000000700000000, 0x0000000800000000)
  region size 2048K, 63 young (129024K), 3 survivors (6144K)
 Metaspace       used 111569K, committed 112896K, reserved 1179648K
  class space    used 15196K, committed 15744K, reserved 1048576K
}
Event: 75.671 GC heap after
{Heap after GC invocations=75 (full 0):
 garbage-first heap   total 487424K, used 220046K [0x0000000700000000, 0x0000000800000000)
  region size 2048K, 8 young (16384K), 8 survivors (16384K)
 Metaspace       used 111569K, committed 112896K, reserved 1179648K
  class space    used 15196K, committed 15744K, reserved 1048576K
}
Event: 76.927 GC heap before
{Heap before GC invocations=75 (full 0):
 garbage-first heap   total 487424K, used 306062K [0x0000000700000000, 0x0000000800000000)
  region size 2048K, 19 young (38912K), 8 survivors (16384K)
 Metaspace       used 112621K, committed 113984K, reserved 1179648K
  class space    used 15360K, committed 15936K, reserved 1048576K
}
Event: 76.943 GC heap after
{Heap after GC invocations=76 (full 0):
 garbage-first heap   total 487424K, used 232513K [0x0000000700000000, 0x0000000800000000)
  region size 2048K, 2 young (4096K), 2 survivors (4096K)
 Metaspace       used 112621K, committed 113984K, reserved 1179648K
  class space    used 15360K, committed 15936K, reserved 1048576K
}
Event: 76.993 GC heap before
{Heap before GC invocations=76 (full 0):
 garbage-first heap   total 487424K, used 285761K [0x0000000700000000, 0x0000000800000000)
  region size 2048K, 3 young (6144K), 2 survivors (4096K)
 Metaspace       used 112621K, committed 113984K, reserved 1179648K
  class space    used 15360K, committed 15936K, reserved 1048576K
}
Event: 76.996 GC heap after
{Heap after GC invocations=77 (full 0):
 garbage-first heap   total 487424K, used 231157K [0x0000000700000000, 0x0000000800000000)
  region size 2048K, 1 young (2048K), 1 survivors (2048K)
 Metaspace       used 112621K, committed 113984K, reserved 1179648K
  class space    used 15360K, committed 15936K, reserved 1048576K
}
Event: 77.037 GC heap before
{Heap before GC invocations=77 (full 0):
 garbage-first heap   total 487424K, used 280309K [0x0000000700000000, 0x0000000800000000)
  region size 2048K, 2 young (4096K), 1 survivors (2048K)
 Metaspace       used 112621K, committed 113984K, reserved 1179648K
  class space    used 15360K, committed 15936K, reserved 1048576K
}
Event: 77.040 GC heap after
{Heap after GC invocations=78 (full 0):
 garbage-first heap   total 487424K, used 230764K [0x0000000700000000, 0x0000000800000000)
  region size 2048K, 1 young (2048K), 1 survivors (2048K)
 Metaspace       used 112621K, committed 113984K, reserved 1179648K
  class space    used 15360K, committed 15936K, reserved 1048576K
}
Event: 77.079 GC heap before
{Heap before GC invocations=78 (full 0):
 garbage-first heap   total 487424K, used 271724K [0x0000000700000000, 0x0000000800000000)
  region size 2048K, 2 young (4096K), 1 survivors (2048K)
 Metaspace       used 112621K, committed 113984K, reserved 1179648K
  class space    used 15360K, committed 15936K, reserved 1048576K
}
Event: 77.084 GC heap after
{Heap after GC invocations=79 (full 0):
 garbage-first heap   total 974848K, used 230800K [0x0000000700000000, 0x0000000800000000)
  region size 2048K, 1 young (2048K), 1 survivors (2048K)
 Metaspace       used 112621K, committed 113984K, reserved 1179648K
  class space    used 15360K, committed 15936K, reserved 1048576K
}
Event: 2191.991 GC heap before
{Heap before GC invocations=79 (full 0):
 garbage-first heap   total 974848K, used 900496K [0x0000000700000000, 0x0000000800000000)
  region size 2048K, 285 young (583680K), 1 survivors (2048K)
 Metaspace       used 115246K, committed 116864K, reserved 1179648K
  class space    used 15649K, committed 16320K, reserved 1048576K
}
Event: 2193.092 GC heap after
{Heap after GC invocations=80 (full 0):
 garbage-first heap   total 974848K, used 289087K [0x0000000700000000, 0x0000000800000000)
  region size 2048K, 34 young (69632K), 34 survivors (69632K)
 Metaspace       used 115246K, committed 116864K, reserved 1179648K
  class space    used 15649K, committed 16320K, reserved 1048576K
}
Event: 2495.270 GC heap before
{Heap before GC invocations=80 (full 0):
 garbage-first heap   total 974848K, used 805183K [0x0000000700000000, 0x0000000800000000)
  region size 2048K, 86 young (176128K), 34 survivors (69632K)
 Metaspace       used 115481K, committed 117120K, reserved 1179648K
  class space    used 15673K, committed 16384K, reserved 1048576K
}
Event: 2495.803 GC heap after
{Heap after GC invocations=81 (full 0):
 garbage-first heap   total 974848K, used 228174K [0x0000000700000000, 0x0000000800000000)
  region size 2048K, 2 young (4096K), 2 survivors (4096K)
 Metaspace       used 115481K, committed 117120K, reserved 1179648K
  class space    used 15673K, committed 16384K, reserved 1048576K
}
Event: 3121.367 GC heap before
{Heap before GC invocations=81 (full 0):
 garbage-first heap   total 974848K, used 283470K [0x0000000700000000, 0x0000000800000000)
  region size 2048K, 30 young (61440K), 2 survivors (4096K)
 Metaspace       used 115557K, committed 117184K, reserved 1179648K
  class space    used 15675K, committed 16384K, reserved 1048576K
}
Event: 3121.454 GC heap after
{Heap after GC invocations=82 (full 0):
 garbage-first heap   total 974848K, used 229503K [0x0000000700000000, 0x0000000800000000)
  region size 2048K, 3 young (6144K), 3 survivors (6144K)
 Metaspace       used 115557K, committed 117184K, reserved 1179648K
  class space    used 15675K, committed 16384K, reserved 1048576K
}
Event: 3126.741 GC heap before
{Heap before GC invocations=82 (full 0):
 garbage-first heap   total 974848K, used 315519K [0x0000000700000000, 0x0000000800000000)
  region size 2048K, 45 young (92160K), 3 survivors (6144K)
 Metaspace       used 115676K, committed 117312K, reserved 1179648K
  class space    used 15681K, committed 16384K, reserved 1048576K
}
Event: 3127.001 GC heap after
{Heap after GC invocations=83 (full 0):
 garbage-first heap   total 974848K, used 241277K [0x0000000700000000, 0x0000000800000000)
  region size 2048K, 6 young (12288K), 6 survivors (12288K)
 Metaspace       used 115676K, committed 117312K, reserved 1179648K
  class space    used 15681K, committed 16384K, reserved 1048576K
}

