# JRE version: OpenJDK Runtime Environment (17.0.10) (build 17.0.10+0--11572160)
# Java VM: OpenJDK 64-Bit Server VM (17.0.10+0--11572160, mixed mode, tiered, compressed oops, compressed class ptrs, g1 gc, windows-amd64)
GC Precious Log:
 CPUs: 4 total, 4 available
 Memory: 3834M
 Large Page Support: Disabled
 NUMA Support: Disabled
 Compressed Oops: Enabled (Zero based)
 Heap Region Size: 2M
 Heap Min Capacity: 8M
 Heap Initial Capacity: 60M
 Heap Max Capacity: 4G
 Pre-touch: Disabled
 Parallel Workers: 4
 Concurrent Workers: 1
 Concurrent Refinement Workers: 4
 Periodic GC: Disabled
Heap:
 garbage-first heap   total 366592K, used 223889K [0x0000000700000000, 0x0000000800000000)
  region size 2048K, 31 young (63488K), 7 survivors (14336K)
 Metaspace       used 105107K, committed 106240K, reserved 1179648K
  class space    used 14474K, committed 14912K, reserved 1048576K
GC Heap History (20 events):
Event: 36.381 GC heap before
{Heap before GC invocations=64 (full 0):
 garbage-first heap   total 147456K, used 116917K [0x0000000700000000, 0x0000000800000000)
  region size 2048K, 16 young (32768K), 2 survivors (4096K)
 Metaspace       used 93367K, committed 94144K, reserved 1179648K
  class space    used 12871K, committed 13184K, reserved 1048576K
}
Event: 36.396 GC heap after
{Heap after GC invocations=65 (full 0):
 garbage-first heap   total 178176K, used 94208K [0x0000000700000000, 0x0000000800000000)
  region size 2048K, 2 young (4096K), 2 survivors (4096K)
 Metaspace       used 93367K, committed 94144K, reserved 1179648K
  class space    used 12871K, committed 13184K, reserved 1048576K
}
Event: 38.012 GC heap before
{Heap before GC invocations=66 (full 0):
 garbage-first heap   total 178176K, used 139264K [0x0000000700000000, 0x0000000800000000)
  region size 2048K, 25 young (51200K), 2 survivors (4096K)
 Metaspace       used 93969K, committed 94848K, reserved 1179648K
  class space    used 12953K, committed 13312K, reserved 1048576K
}
Event: 38.035 GC heap after
{Heap after GC invocations=67 (full 0):
 garbage-first heap   total 178176K, used 105589K [0x0000000700000000, 0x0000000800000000)
  region size 2048K, 4 young (8192K), 4 survivors (8192K)
 Metaspace       used 93969K, committed 94848K, reserved 1179648K
  class space    used 12953K, committed 13312K, reserved 1048576K
}
Event: 39.827 GC heap before
{Heap before GC invocations=67 (full 0):
 garbage-first heap   total 178176K, used 128117K [0x0000000700000000, 0x0000000800000000)
  region size 2048K, 17 young (34816K), 4 survivors (8192K)
 Metaspace       used 94334K, committed 95232K, reserved 1179648K
  class space    used 12975K, committed 13312K, reserved 1048576K
}
Event: 39.840 GC heap after
{Heap after GC invocations=68 (full 0):
 garbage-first heap   total 178176K, used 110307K [0x0000000700000000, 0x0000000800000000)
  region size 2048K, 2 young (4096K), 2 survivors (4096K)
 Metaspace       used 94334K, committed 95232K, reserved 1179648K
  class space    used 12975K, committed 13312K, reserved 1048576K
}
Event: 40.459 GC heap before
{Heap before GC invocations=69 (full 0):
 garbage-first heap   total 208896K, used 145123K [0x0000000700000000, 0x0000000800000000)
  region size 2048K, 17 young (34816K), 2 survivors (4096K)
 Metaspace       used 94698K, committed 95616K, reserved 1179648K
  class space    used 13026K, committed 13376K, reserved 1048576K
}
Event: 40.492 GC heap after
{Heap after GC invocations=70 (full 0):
 garbage-first heap   total 208896K, used 125751K [0x0000000700000000, 0x0000000800000000)
  region size 2048K, 3 young (6144K), 3 survivors (6144K)
 Metaspace       used 94698K, committed 95616K, reserved 1179648K
  class space    used 13026K, committed 13376K, reserved 1048576K
}
Event: 41.027 GC heap before
{Heap before GC invocations=70 (full 0):
 garbage-first heap   total 208896K, used 156471K [0x0000000700000000, 0x0000000800000000)
  region size 2048K, 19 young (38912K), 3 survivors (6144K)
 Metaspace       used 95018K, committed 96000K, reserved 1179648K
  class space    used 13074K, committed 13440K, reserved 1048576K
}
Event: 41.040 GC heap after
{Heap after GC invocations=71 (full 0):
 garbage-first heap   total 208896K, used 131588K [0x0000000700000000, 0x0000000800000000)
  region size 2048K, 3 young (6144K), 3 survivors (6144K)
 Metaspace       used 95018K, committed 96000K, reserved 1179648K
  class space    used 13074K, committed 13440K, reserved 1048576K
}
Event: 41.605 GC heap before
{Heap before GC invocations=72 (full 0):
 garbage-first heap   total 245760K, used 162308K [0x0000000700000000, 0x0000000800000000)
  region size 2048K, 18 young (36864K), 3 survivors (6144K)
 Metaspace       used 95357K, committed 96320K, reserved 1179648K
  class space    used 13119K, committed 13504K, reserved 1048576K
}
Event: 41.618 GC heap after
{Heap after GC invocations=73 (full 0):
 garbage-first heap   total 245760K, used 137627K [0x0000000700000000, 0x0000000800000000)
  region size 2048K, 3 young (6144K), 3 survivors (6144K)
 Metaspace       used 95357K, committed 96320K, reserved 1179648K
  class space    used 13119K, committed 13504K, reserved 1048576K
}
Event: 42.384 GC heap before
{Heap before GC invocations=73 (full 0):
 garbage-first heap   total 245760K, used 182683K [0x0000000700000000, 0x0000000800000000)
  region size 2048K, 26 young (53248K), 3 survivors (6144K)
 Metaspace       used 95697K, committed 96704K, reserved 1179648K
  class space    used 13155K, committed 13568K, reserved 1048576K
}
Event: 42.410 GC heap after
{Heap after GC invocations=74 (full 0):
 garbage-first heap   total 245760K, used 148447K [0x0000000700000000, 0x0000000800000000)
  region size 2048K, 4 young (8192K), 4 survivors (8192K)
 Metaspace       used 95697K, committed 96704K, reserved 1179648K
  class space    used 13155K, committed 13568K, reserved 1048576K
}
Event: 44.299 GC heap before
{Heap before GC invocations=75 (full 0):
 garbage-first heap   total 260096K, used 189407K [0x0000000700000000, 0x0000000800000000)
  region size 2048K, 24 young (49152K), 4 survivors (8192K)
 Metaspace       used 100974K, committed 102016K, reserved 1179648K
  class space    used 13925K, committed 14336K, reserved 1048576K
}
Event: 44.316 GC heap after
{Heap after GC invocations=76 (full 0):
 garbage-first heap   total 260096K, used 153064K [0x0000000700000000, 0x0000000800000000)
  region size 2048K, 2 young (4096K), 2 survivors (4096K)
 Metaspace       used 100974K, committed 102016K, reserved 1179648K
  class space    used 13925K, committed 14336K, reserved 1048576K
}
Event: 44.442 GC heap before
{Heap before GC invocations=76 (full 0):
 garbage-first heap   total 260096K, used 161256K [0x0000000700000000, 0x0000000800000000)
  region size 2048K, 6 young (12288K), 2 survivors (4096K)
 Metaspace       used 101279K, committed 102336K, reserved 1179648K
  class space    used 13967K, committed 14400K, reserved 1048576K
}
Event: 44.457 GC heap after
{Heap after GC invocations=77 (full 0):
 garbage-first heap   total 366592K, used 155409K [0x0000000700000000, 0x0000000800000000)
  region size 2048K, 1 young (2048K), 1 survivors (2048K)
 Metaspace       used 101279K, committed 102336K, reserved 1179648K
  class space    used 13967K, committed 14400K, reserved 1048576K
}
Event: 49.023 GC heap before
{Heap before GC invocations=77 (full 0):
 garbage-first heap   total 366592K, used 261905K [0x0000000700000000, 0x0000000800000000)
  region size 2048K, 54 young (110592K), 1 survivors (2048K)
 Metaspace       used 104596K, committed 105728K, reserved 1179648K
  class space    used 14390K, committed 14848K, reserved 1048576K
}
Event: 49.095 GC heap after
{Heap after GC invocations=78 (full 0):
 garbage-first heap   total 366592K, used 176785K [0x0000000700000000, 0x0000000800000000)
  region size 2048K, 7 young (14336K), 7 survivors (14336K)
 Metaspace       used 104596K, committed 105728K, reserved 1179648K
  class space    used 14390K, committed 14848K, reserved 1048576K
}

