# JRE version: OpenJDK Runtime Environment (17.0.10) (build 17.0.10+0--11572160)
# Java VM: OpenJDK 64-Bit Server VM (17.0.10+0--11572160, mixed mode, tiered, compressed oops, compressed class ptrs, g1 gc, windows-amd64)
GC Precious Log:
 CPUs: 4 total, 4 available
 Memory: 3834M
 Large Page Support: Disabled
 NUMA Support: Disabled
 Compressed Oops: Enabled (Zero based)
 Heap Region Size: 2M
 Heap Min Capacity: 8M
 Heap Initial Capacity: 60M
 Heap Max Capacity: 4G
 Pre-touch: Disabled
 Parallel Workers: 4
 Concurrent Workers: 1
 Concurrent Refinement Workers: 4
 Periodic GC: Disabled
Heap:
 garbage-first heap   total 245760K, used 167099K [0x0000000700000000, 0x0000000800000000)
  region size 2048K, 12 young (24576K), 3 survivors (6144K)
 Metaspace       used 101809K, committed 102848K, reserved 1179648K
  class space    used 14015K, committed 14400K, reserved 1048576K
GC Heap History (20 events):
Event: 17.837 GC heap before
{Heap before GC invocations=37 (full 0):
 garbage-first heap   total 141312K, used 74139K [0x0000000700000000, 0x0000000800000000)
  region size 2048K, 3 young (6144K), 2 survivors (4096K)
 Metaspace       used 82833K, committed 83520K, reserved 1179648K
  class space    used 11167K, committed 11456K, reserved 1048576K
}
Event: 17.842 GC heap after
{Heap after GC invocations=38 (full 0):
 garbage-first heap   total 141312K, used 72119K [0x0000000700000000, 0x0000000800000000)
  region size 2048K, 1 young (2048K), 1 survivors (2048K)
 Metaspace       used 82833K, committed 83520K, reserved 1179648K
  class space    used 11167K, committed 11456K, reserved 1048576K
}
Event: 18.139 GC heap before
{Heap before GC invocations=38 (full 0):
 garbage-first heap   total 141312K, used 111031K [0x0000000700000000, 0x0000000800000000)
  region size 2048K, 20 young (40960K), 1 survivors (2048K)
 Metaspace       used 83657K, committed 84352K, reserved 1179648K
  class space    used 11291K, committed 11584K, reserved 1048576K
}
Event: 18.143 GC heap after
{Heap after GC invocations=39 (full 0):
 garbage-first heap   total 141312K, used 73783K [0x0000000700000000, 0x0000000800000000)
  region size 2048K, 2 young (4096K), 2 survivors (4096K)
 Metaspace       used 83657K, committed 84352K, reserved 1179648K
  class space    used 11291K, committed 11584K, reserved 1048576K
}
Event: 18.788 GC heap before
{Heap before GC invocations=40 (full 0):
 garbage-first heap   total 143360K, used 112695K [0x0000000700000000, 0x0000000800000000)
  region size 2048K, 21 young (43008K), 2 survivors (4096K)
 Metaspace       used 86321K, committed 87040K, reserved 1179648K
  class space    used 11744K, committed 12032K, reserved 1048576K
}
Event: 18.793 GC heap after
{Heap after GC invocations=41 (full 0):
 garbage-first heap   total 143360K, used 76566K [0x0000000700000000, 0x0000000800000000)
  region size 2048K, 3 young (6144K), 3 survivors (6144K)
 Metaspace       used 86321K, committed 87040K, reserved 1179648K
  class space    used 11744K, committed 12032K, reserved 1048576K
}
Event: 19.407 GC heap before
{Heap before GC invocations=41 (full 0):
 garbage-first heap   total 143360K, used 115478K [0x0000000700000000, 0x0000000800000000)
  region size 2048K, 22 young (45056K), 3 survivors (6144K)
 Metaspace       used 90151K, committed 90880K, reserved 1179648K
  class space    used 12396K, committed 12736K, reserved 1048576K
}
Event: 19.416 GC heap after
{Heap after GC invocations=42 (full 0):
 garbage-first heap   total 204800K, used 79182K [0x0000000700000000, 0x0000000800000000)
  region size 2048K, 3 young (6144K), 3 survivors (6144K)
 Metaspace       used 90151K, committed 90880K, reserved 1179648K
  class space    used 12396K, committed 12736K, reserved 1048576K
}
Event: 20.862 GC heap before
{Heap before GC invocations=42 (full 0):
 garbage-first heap   total 204800K, used 165198K [0x0000000700000000, 0x0000000800000000)
  region size 2048K, 45 young (92160K), 3 survivors (6144K)
 Metaspace       used 93114K, committed 93952K, reserved 1179648K
  class space    used 12852K, committed 13184K, reserved 1048576K
}
Event: 20.879 GC heap after
{Heap after GC invocations=43 (full 0):
 garbage-first heap   total 204800K, used 90068K [0x0000000700000000, 0x0000000800000000)
  region size 2048K, 6 young (12288K), 6 survivors (12288K)
 Metaspace       used 93114K, committed 93952K, reserved 1179648K
  class space    used 12852K, committed 13184K, reserved 1048576K
}
Event: 22.296 GC heap before
{Heap before GC invocations=43 (full 0):
 garbage-first heap   total 204800K, used 161748K [0x0000000700000000, 0x0000000800000000)
  region size 2048K, 42 young (86016K), 6 survivors (12288K)
 Metaspace       used 94005K, committed 94912K, reserved 1179648K
  class space    used 12952K, committed 13312K, reserved 1048576K
}
Event: 22.319 GC heap after
{Heap after GC invocations=44 (full 0):
 garbage-first heap   total 204800K, used 105464K [0x0000000700000000, 0x0000000800000000)
  region size 2048K, 6 young (12288K), 6 survivors (12288K)
 Metaspace       used 94005K, committed 94912K, reserved 1179648K
  class space    used 12952K, committed 13312K, reserved 1048576K
}
Event: 23.060 GC heap before
{Heap before GC invocations=44 (full 0):
 garbage-first heap   total 204800K, used 164856K [0x0000000700000000, 0x0000000800000000)
  region size 2048K, 33 young (67584K), 6 survivors (12288K)
 Metaspace       used 94743K, committed 95680K, reserved 1179648K
  class space    used 13032K, committed 13376K, reserved 1048576K
}
Event: 23.076 GC heap after
{Heap after GC invocations=45 (full 0):
 garbage-first heap   total 204800K, used 125536K [0x0000000700000000, 0x0000000800000000)
  region size 2048K, 5 young (10240K), 5 survivors (10240K)
 Metaspace       used 94743K, committed 95680K, reserved 1179648K
  class space    used 13032K, committed 13376K, reserved 1048576K
}
Event: 23.577 GC heap before
{Heap before GC invocations=45 (full 0):
 garbage-first heap   total 204800K, used 162400K [0x0000000700000000, 0x0000000800000000)
  region size 2048K, 24 young (49152K), 5 survivors (10240K)
 Metaspace       used 95217K, committed 96256K, reserved 1179648K
  class space    used 13093K, committed 13504K, reserved 1048576K
}
Event: 23.594 GC heap after
{Heap after GC invocations=46 (full 0):
 garbage-first heap   total 245760K, used 133700K [0x0000000700000000, 0x0000000800000000)
  region size 2048K, 3 young (6144K), 3 survivors (6144K)
 Metaspace       used 95217K, committed 96256K, reserved 1179648K
  class space    used 13093K, committed 13504K, reserved 1048576K
}
Event: 24.694 GC heap before
{Heap before GC invocations=46 (full 0):
 garbage-first heap   total 245760K, used 188996K [0x0000000700000000, 0x0000000800000000)
  region size 2048K, 30 young (61440K), 3 survivors (6144K)
 Metaspace       used 95650K, committed 96704K, reserved 1179648K
  class space    used 13139K, committed 13504K, reserved 1048576K
}
Event: 24.722 GC heap after
{Heap after GC invocations=47 (full 0):
 garbage-first heap   total 245760K, used 145408K [0x0000000700000000, 0x0000000800000000)
  region size 2048K, 4 young (8192K), 4 survivors (8192K)
 Metaspace       used 95650K, committed 96704K, reserved 1179648K
  class space    used 13139K, committed 13504K, reserved 1048576K
}
Event: 25.977 GC heap before
{Heap before GC invocations=47 (full 0):
 garbage-first heap   total 245760K, used 192512K [0x0000000700000000, 0x0000000800000000)
  region size 2048K, 27 young (55296K), 4 survivors (8192K)
 Metaspace       used 101108K, committed 102144K, reserved 1179648K
  class space    used 13936K, committed 14336K, reserved 1048576K
}
Event: 25.993 GC heap after
{Heap after GC invocations=48 (full 0):
 garbage-first heap   total 245760K, used 150715K [0x0000000700000000, 0x0000000800000000)
  region size 2048K, 3 young (6144K), 3 survivors (6144K)
 Metaspace       used 101108K, committed 102144K, reserved 1179648K
  class space    used 13936K, committed 14336K, reserved 1048576K
}

