# JRE version: OpenJDK Runtime Environment (17.0.10) (build 17.0.10+0--11572160)
# Java VM: OpenJDK 64-Bit Server VM (17.0.10+0--11572160, mixed mode, tiered, compressed oops, compressed class ptrs, g1 gc, windows-amd64)
GC Precious Log:
 CPUs: 4 total, 4 available
 Memory: 3834M
 Large Page Support: Disabled
 NUMA Support: Disabled
 Compressed Oops: Enabled (Zero based)
 Heap Region Size: 2M
 Heap Min Capacity: 8M
 Heap Initial Capacity: 60M
 Heap Max Capacity: 4G
 Pre-touch: Disabled
 Parallel Workers: 4
 Concurrent Workers: 1
 Concurrent Refinement Workers: 4
 Periodic GC: Disabled
Heap:
 garbage-first heap   total 266240K, used 160819K [0x0000000700000000, 0x0000000800000000)
  region size 2048K, 1 young (2048K), 1 survivors (2048K)
 Metaspace       used 102481K, committed 103488K, reserved 1179648K
  class space    used 14119K, committed 14528K, reserved 1048576K
GC Heap History (20 events):
Event: 23.334 GC heap after
{Heap after GC invocations=54 (full 0):
 garbage-first heap   total 153600K, used 89603K [0x0000000700000000, 0x0000000800000000)
  region size 2048K, 3 young (6144K), 3 survivors (6144K)
 Metaspace       used 91780K, committed 92544K, reserved 1179648K
  class space    used 12646K, committed 12928K, reserved 1048576K
}
Event: 24.248 GC heap before
{Heap before GC invocations=55 (full 0):
 garbage-first heap   total 167936K, used 122371K [0x0000000700000000, 0x0000000800000000)
  region size 2048K, 19 young (38912K), 3 survivors (6144K)
 Metaspace       used 93128K, committed 93888K, reserved 1179648K
  class space    used 12860K, committed 13184K, reserved 1048576K
}
Event: 24.263 GC heap after
{Heap after GC invocations=56 (full 0):
 garbage-first heap   total 167936K, used 94228K [0x0000000700000000, 0x0000000800000000)
  region size 2048K, 3 young (6144K), 3 survivors (6144K)
 Metaspace       used 93128K, committed 93888K, reserved 1179648K
  class space    used 12860K, committed 13184K, reserved 1048576K
}
Event: 25.202 GC heap before
{Heap before GC invocations=56 (full 0):
 garbage-first heap   total 167936K, used 133140K [0x0000000700000000, 0x0000000800000000)
  region size 2048K, 23 young (47104K), 3 survivors (6144K)
 Metaspace       used 93587K, committed 94400K, reserved 1179648K
  class space    used 12913K, committed 13248K, reserved 1048576K
}
Event: 25.213 GC heap after
{Heap after GC invocations=57 (full 0):
 garbage-first heap   total 202752K, used 103805K [0x0000000700000000, 0x0000000800000000)
  region size 2048K, 3 young (6144K), 3 survivors (6144K)
 Metaspace       used 93587K, committed 94400K, reserved 1179648K
  class space    used 12913K, committed 13248K, reserved 1048576K
}
Event: 26.319 GC heap before
{Heap before GC invocations=58 (full 0):
 garbage-first heap   total 202752K, used 146813K [0x0000000700000000, 0x0000000800000000)
  region size 2048K, 26 young (53248K), 3 survivors (6144K)
 Metaspace       used 94285K, committed 95104K, reserved 1179648K
  class space    used 12976K, committed 13312K, reserved 1048576K
}
Event: 26.332 GC heap after
{Heap after GC invocations=59 (full 0):
 garbage-first heap   total 202752K, used 112571K [0x0000000700000000, 0x0000000800000000)
  region size 2048K, 4 young (8192K), 4 survivors (8192K)
 Metaspace       used 94285K, committed 95104K, reserved 1179648K
  class space    used 12976K, committed 13312K, reserved 1048576K
}
Event: 27.517 GC heap before
{Heap before GC invocations=60 (full 0):
 garbage-first heap   total 212992K, used 163771K [0x0000000700000000, 0x0000000800000000)
  region size 2048K, 27 young (55296K), 4 survivors (8192K)
 Metaspace       used 94819K, committed 95744K, reserved 1179648K
  class space    used 13050K, committed 13440K, reserved 1048576K
}
Event: 27.543 GC heap after
{Heap after GC invocations=61 (full 0):
 garbage-first heap   total 212992K, used 130506K [0x0000000700000000, 0x0000000800000000)
  region size 2048K, 4 young (8192K), 4 survivors (8192K)
 Metaspace       used 94819K, committed 95744K, reserved 1179648K
  class space    used 13050K, committed 13440K, reserved 1048576K
}
Event: 28.223 GC heap before
{Heap before GC invocations=61 (full 0):
 garbage-first heap   total 212992K, used 167370K [0x0000000700000000, 0x0000000800000000)
  region size 2048K, 23 young (47104K), 4 survivors (8192K)
 Metaspace       used 95283K, committed 96256K, reserved 1179648K
  class space    used 13115K, committed 13504K, reserved 1048576K
}
Event: 28.237 GC heap after
{Heap after GC invocations=62 (full 0):
 garbage-first heap   total 212992K, used 138568K [0x0000000700000000, 0x0000000800000000)
  region size 2048K, 3 young (6144K), 3 survivors (6144K)
 Metaspace       used 95283K, committed 96256K, reserved 1179648K
  class space    used 13115K, committed 13504K, reserved 1048576K
}
Event: 29.089 GC heap before
{Heap before GC invocations=63 (full 0):
 garbage-first heap   total 243712K, used 169288K [0x0000000700000000, 0x0000000800000000)
  region size 2048K, 18 young (36864K), 3 survivors (6144K)
 Metaspace       used 95640K, committed 96640K, reserved 1179648K
  class space    used 13154K, committed 13568K, reserved 1048576K
}
Event: 29.103 GC heap after
{Heap after GC invocations=64 (full 0):
 garbage-first heap   total 243712K, used 145095K [0x0000000700000000, 0x0000000800000000)
  region size 2048K, 3 young (6144K), 3 survivors (6144K)
 Metaspace       used 95640K, committed 96640K, reserved 1179648K
  class space    used 13154K, committed 13568K, reserved 1048576K
}
Event: 29.146 GC heap before
{Heap before GC invocations=64 (full 0):
 garbage-first heap   total 243712K, used 149191K [0x0000000700000000, 0x0000000800000000)
  region size 2048K, 5 young (10240K), 3 survivors (6144K)
 Metaspace       used 95656K, committed 96640K, reserved 1179648K
  class space    used 13154K, committed 13568K, reserved 1048576K
}
Event: 29.160 GC heap after
{Heap after GC invocations=65 (full 0):
 garbage-first heap   total 243712K, used 146247K [0x0000000700000000, 0x0000000800000000)
  region size 2048K, 1 young (2048K), 1 survivors (2048K)
 Metaspace       used 95656K, committed 96640K, reserved 1179648K
  class space    used 13154K, committed 13568K, reserved 1048576K
}
Event: 30.295 GC heap before
{Heap before GC invocations=65 (full 0):
 garbage-first heap   total 243712K, used 191303K [0x0000000700000000, 0x0000000800000000)
  region size 2048K, 23 young (47104K), 1 survivors (2048K)
 Metaspace       used 98632K, committed 99648K, reserved 1179648K
  class space    used 13640K, committed 14080K, reserved 1048576K
}
Event: 30.304 GC heap after
{Heap after GC invocations=66 (full 0):
 garbage-first heap   total 243712K, used 152867K [0x0000000700000000, 0x0000000800000000)
  region size 2048K, 3 young (6144K), 3 survivors (6144K)
 Metaspace       used 98632K, committed 99648K, reserved 1179648K
  class space    used 13640K, committed 14080K, reserved 1048576K
}
Event: 31.244 GC heap before
{Heap before GC invocations=67 (full 0):
 garbage-first heap   total 266240K, used 193827K [0x0000000700000000, 0x0000000800000000)
  region size 2048K, 23 young (47104K), 3 survivors (6144K)
 Metaspace       used 102380K, committed 103424K, reserved 1179648K
  class space    used 14114K, committed 14528K, reserved 1048576K
}
Event: 31.267 GC heap after
{Heap after GC invocations=68 (full 0):
 garbage-first heap   total 266240K, used 159328K [0x0000000700000000, 0x0000000800000000)
  region size 2048K, 3 young (6144K), 3 survivors (6144K)
 Metaspace       used 102380K, committed 103424K, reserved 1179648K
  class space    used 14114K, committed 14528K, reserved 1048576K
}
Event: 31.395 GC heap before
{Heap before GC invocations=68 (full 0):
 garbage-first heap   total 266240K, used 165472K [0x0000000700000000, 0x0000000800000000)
  region size 2048K, 6 young (12288K), 3 survivors (6144K)
 Metaspace       used 102481K, committed 103488K, reserved 1179648K
  class space    used 14119K, committed 14528K, reserved 1048576K
}

